2014-11-20 16:24:36,415 [main] INFO  o.a.c.i.c.DefaultTypeConverter - Loaded 182 type converters
2014-11-20 16:24:36,427 [main] INFO  o.a.camel.impl.DefaultCamelContext - Apache Camel 2.10.2 (CamelContext: camel-1) is starting
2014-11-20 16:24:36,529 [main] INFO  o.a.c.m.ManagementStrategyFactory - JMX enabled.
2014-11-20 16:24:36,587 [main] INFO  o.a.c.m.DefaultManagementLifecycleStrategy - StatisticsLevel at All so enabling load performance statistics
2014-11-20 16:24:36,598 [main] INFO  o.a.camel.impl.DefaultCamelContext - Total 0 routes, of which 0 is started.
2014-11-20 16:24:36,598 [main] INFO  o.a.camel.impl.DefaultCamelContext - Apache Camel 2.10.2 (CamelContext: camel-1) started in 0.171 seconds
2014-11-20 16:24:37,570 [main] INFO  o.a.camel.impl.DefaultCamelContext - Route: route1 started and consuming from: Endpoint[direct://com.codetrails.hippie.completion.rcp.call]
2014-11-20 16:24:37,634 [main] INFO  o.a.c.p.a.AggregateProcessor - Using CompletionTimeout to trigger after 0 millis of inactivity.
2014-11-20 16:24:37,669 [main] INFO  o.a.camel.impl.DefaultCamelContext - Route: route2 started and consuming from: Endpoint[seda://com.codetrails.hippie.completion.rcp.call?waitForTaskToComplete=Never]
2014-11-20 16:24:37,710 [main] INFO  o.a.camel.impl.DefaultCamelContext - Route: route3 started and consuming from: Endpoint[direct://com.codetrails.hippie.completion.rcp.ctor]
2014-11-20 16:24:37,734 [main] INFO  o.a.c.p.a.AggregateProcessor - Using CompletionTimeout to trigger after 0 millis of inactivity.
2014-11-20 16:24:37,777 [main] INFO  o.a.camel.impl.DefaultCamelContext - Route: route4 started and consuming from: Endpoint[seda://com.codetrails.hippie.completion.rcp.ctor?waitForTaskToComplete=Never]
2014-11-20 16:24:37,808 [main] INFO  o.a.camel.impl.DefaultCamelContext - Route: route5 started and consuming from: Endpoint[direct://com.codetrails.hippie.completion.rcp.ovrd]
2014-11-20 16:24:37,827 [main] INFO  o.a.c.p.a.AggregateProcessor - Using CompletionTimeout to trigger after 0 millis of inactivity.
2014-11-20 16:24:37,853 [main] INFO  o.a.camel.impl.DefaultCamelContext - Route: route6 started and consuming from: Endpoint[seda://com.codetrails.hippie.completion.rcp.ovrd?waitForTaskToComplete=Never]
2014-11-20 16:41:56,069 [main] INFO  o.a.camel.impl.DefaultCamelContext - Apache Camel 2.10.2 (CamelContext: camel-1) is shutting down
2014-11-20 16:41:56,343 [main] INFO  o.a.c.impl.DefaultShutdownStrategy - Starting to graceful shutdown 6 routes (timeout 300 seconds)
2014-11-20 16:41:58,413 [Camel (camel-1) thread #7 - ShutdownTask] INFO  o.a.c.impl.DefaultShutdownStrategy - Route: route6 shutdown complete, was consuming from: Endpoint[seda://com.codetrails.hippie.completion.rcp.ovrd?waitForTaskToComplete=Never]
2014-11-20 16:41:58,415 [Camel (camel-1) thread #7 - ShutdownTask] INFO  o.a.c.impl.DefaultShutdownStrategy - Route: route5 shutdown complete, was consuming from: Endpoint[direct://com.codetrails.hippie.completion.rcp.ovrd]
2014-11-20 16:41:58,416 [Camel (camel-1) thread #7 - ShutdownTask] INFO  o.a.c.impl.DefaultShutdownStrategy - Route: route4 shutdown complete, was consuming from: Endpoint[seda://com.codetrails.hippie.completion.rcp.ctor?waitForTaskToComplete=Never]
2014-11-20 16:41:58,417 [Camel (camel-1) thread #7 - ShutdownTask] INFO  o.a.c.impl.DefaultShutdownStrategy - Route: route3 shutdown complete, was consuming from: Endpoint[direct://com.codetrails.hippie.completion.rcp.ctor]
2014-11-20 16:41:58,417 [Camel (camel-1) thread #7 - ShutdownTask] INFO  o.a.c.impl.DefaultShutdownStrategy - Route: route2 shutdown complete, was consuming from: Endpoint[seda://com.codetrails.hippie.completion.rcp.call?waitForTaskToComplete=Never]
2014-11-20 16:41:58,418 [Camel (camel-1) thread #7 - ShutdownTask] INFO  o.a.c.impl.DefaultShutdownStrategy - Route: route1 shutdown complete, was consuming from: Endpoint[direct://com.codetrails.hippie.completion.rcp.call]
2014-11-20 16:41:58,418 [main] INFO  o.a.c.impl.DefaultShutdownStrategy - Graceful shutdown of 6 routes completed in 2 seconds
2014-11-20 16:41:58,430 [main] INFO  o.a.c.i.c.DefaultTypeConverter - TypeConverterRegistry utilization[attempts=9, hits=9, misses=0, failures=0] mappings[total=190, misses=0]
2014-11-20 16:41:58,559 [main] INFO  o.a.camel.impl.DefaultCamelContext - Apache Camel 2.10.2 (CamelContext: camel-1) is shutdown in 2.489 seconds. Uptime 17 minutes.
2014-12-12 12:26:51,488 [main] INFO  o.a.c.i.c.DefaultTypeConverter - Loaded 182 type converters
2014-12-12 12:26:51,653 [main] INFO  o.a.camel.impl.DefaultCamelContext - Apache Camel 2.10.2 (CamelContext: camel-1) is starting
2014-12-12 12:26:52,220 [main] INFO  o.a.c.m.ManagementStrategyFactory - JMX enabled.
2014-12-12 12:26:52,418 [main] INFO  o.a.c.m.DefaultManagementLifecycleStrategy - StatisticsLevel at All so enabling load performance statistics
2014-12-12 12:26:52,459 [main] INFO  o.a.camel.impl.DefaultCamelContext - Total 0 routes, of which 0 is started.
2014-12-12 12:26:52,460 [main] INFO  o.a.camel.impl.DefaultCamelContext - Apache Camel 2.10.2 (CamelContext: camel-1) started in 0.806 seconds
2014-12-12 12:35:00,281 [main] WARN  o.e.r.i.c.rcp.TypeBindingAnalyzer - Can't handle class org.eclipse.jdt.internal.compiler.ast.BinaryExpression as parent of completion location.
2014-12-12 12:35:24,061 [main] WARN  o.e.r.i.c.rcp.TypeBindingAnalyzer - Can't handle class org.eclipse.jdt.internal.compiler.ast.BinaryExpression as parent of completion location.
2014-12-12 12:35:33,565 [main] WARN  o.e.r.i.c.rcp.TypeBindingAnalyzer - Can't handle class org.eclipse.jdt.internal.compiler.ast.BinaryExpression as parent of completion location.
2014-12-12 12:36:04,502 [main] WARN  o.e.r.i.c.rcp.TypeBindingAnalyzer - Can't handle class org.eclipse.jdt.internal.compiler.ast.BinaryExpression as parent of completion location.
2014-12-12 12:36:11,852 [main] WARN  o.e.r.i.c.rcp.TypeBindingAnalyzer - Can't handle class org.eclipse.jdt.internal.compiler.ast.BinaryExpression as parent of completion location.
2014-12-12 15:13:16,457 [main] INFO  o.a.camel.impl.DefaultCamelContext - Route: route1 started and consuming from: Endpoint[direct://com.codetrails.hippie.completion.rcp.ctor]
2014-12-12 15:13:16,672 [main] INFO  o.a.c.p.a.AggregateProcessor - Using CompletionTimeout to trigger after 0 millis of inactivity.
2014-12-12 15:13:16,709 [main] INFO  o.a.camel.impl.DefaultCamelContext - Route: route2 started and consuming from: Endpoint[seda://com.codetrails.hippie.completion.rcp.ctor?waitForTaskToComplete=Never]
2014-12-12 15:13:18,716 [main] INFO  o.a.camel.impl.DefaultCamelContext - Route: route3 started and consuming from: Endpoint[direct://com.codetrails.hippie.completion.rcp.ovrd]
2014-12-12 15:13:18,737 [main] INFO  o.a.c.p.a.AggregateProcessor - Using CompletionTimeout to trigger after 0 millis of inactivity.
2014-12-12 15:13:18,781 [main] INFO  o.a.camel.impl.DefaultCamelContext - Route: route4 started and consuming from: Endpoint[seda://com.codetrails.hippie.completion.rcp.ovrd?waitForTaskToComplete=Never]
2014-12-12 15:13:18,825 [main] INFO  o.a.camel.impl.DefaultCamelContext - Route: route5 started and consuming from: Endpoint[direct://com.codetrails.hippie.completion.rcp.call]
2014-12-12 15:13:18,847 [main] INFO  o.a.c.p.a.AggregateProcessor - Using CompletionTimeout to trigger after 0 millis of inactivity.
2014-12-12 15:13:18,872 [main] INFO  o.a.camel.impl.DefaultCamelContext - Route: route6 started and consuming from: Endpoint[seda://com.codetrails.hippie.completion.rcp.call?waitForTaskToComplete=Never]
2014-12-12 17:52:26,629 [main] INFO  o.a.camel.impl.DefaultCamelContext - Apache Camel 2.10.2 (CamelContext: camel-1) is shutting down
2014-12-12 17:52:26,713 [main] INFO  o.a.c.impl.DefaultShutdownStrategy - Starting to graceful shutdown 6 routes (timeout 300 seconds)
2014-12-12 17:52:29,653 [Camel (camel-1) thread #7 - ShutdownTask] INFO  o.a.c.impl.DefaultShutdownStrategy - Route: route6 shutdown complete, was consuming from: Endpoint[seda://com.codetrails.hippie.completion.rcp.call?waitForTaskToComplete=Never]
2014-12-12 17:52:29,655 [Camel (camel-1) thread #7 - ShutdownTask] INFO  o.a.c.impl.DefaultShutdownStrategy - Route: route5 shutdown complete, was consuming from: Endpoint[direct://com.codetrails.hippie.completion.rcp.call]
2014-12-12 17:52:29,655 [Camel (camel-1) thread #7 - ShutdownTask] INFO  o.a.c.impl.DefaultShutdownStrategy - Route: route4 shutdown complete, was consuming from: Endpoint[seda://com.codetrails.hippie.completion.rcp.ovrd?waitForTaskToComplete=Never]
2014-12-12 17:52:29,656 [Camel (camel-1) thread #7 - ShutdownTask] INFO  o.a.c.impl.DefaultShutdownStrategy - Route: route3 shutdown complete, was consuming from: Endpoint[direct://com.codetrails.hippie.completion.rcp.ovrd]
2014-12-12 17:52:29,656 [Camel (camel-1) thread #7 - ShutdownTask] INFO  o.a.c.impl.DefaultShutdownStrategy - Route: route2 shutdown complete, was consuming from: Endpoint[seda://com.codetrails.hippie.completion.rcp.ctor?waitForTaskToComplete=Never]
2014-12-12 17:52:29,656 [Camel (camel-1) thread #7 - ShutdownTask] INFO  o.a.c.impl.DefaultShutdownStrategy - Route: route1 shutdown complete, was consuming from: Endpoint[direct://com.codetrails.hippie.completion.rcp.ctor]
2014-12-12 17:52:29,657 [main] INFO  o.a.c.impl.DefaultShutdownStrategy - Graceful shutdown of 6 routes completed in 2 seconds
2014-12-12 17:52:29,673 [main] INFO  o.a.c.i.c.DefaultTypeConverter - TypeConverterRegistry utilization[attempts=9, hits=9, misses=0, failures=0] mappings[total=190, misses=0]
2014-12-12 17:52:29,675 [main] INFO  o.a.camel.impl.DefaultCamelContext - Apache Camel 2.10.2 (CamelContext: camel-1) is shutdown in 3.046 seconds. Uptime 5 hours 25 minutes.
