2015-01-16 18:07:23,489 [main] INFO  o.a.c.i.c.DefaultTypeConverter - Loaded 182 type converters
2015-01-16 18:07:23,588 [main] INFO  o.a.camel.impl.DefaultCamelContext - Apache Camel 2.10.2 (CamelContext: camel-1) is starting
2015-01-16 18:07:23,699 [main] INFO  o.a.c.m.ManagementStrategyFactory - JMX enabled.
2015-01-16 18:07:23,760 [main] INFO  o.a.c.m.DefaultManagementLifecycleStrategy - StatisticsLevel at All so enabling load performance statistics
2015-01-16 18:07:23,773 [main] INFO  o.a.camel.impl.DefaultCamelContext - Total 0 routes, of which 0 is started.
2015-01-16 18:07:23,774 [main] INFO  o.a.camel.impl.DefaultCamelContext - Apache Camel 2.10.2 (CamelContext: camel-1) started in 0.186 seconds
2015-01-16 20:25:30,320 [main] INFO  o.a.camel.impl.DefaultCamelContext - Apache Camel 2.10.2 (CamelContext: camel-1) is shutting down
2015-01-16 20:25:30,325 [main] INFO  o.a.c.i.c.DefaultTypeConverter - TypeConverterRegistry utilization[attempts=0, hits=0, misses=0, failures=0] mappings[total=189, misses=0]
2015-01-16 20:25:30,326 [main] INFO  o.a.camel.impl.DefaultCamelContext - Apache Camel 2.10.2 (CamelContext: camel-1) is shutdown in 0.006 seconds. Uptime 2 hours 18 minutes.
2015-01-16 21:40:16,275 [main] INFO  o.a.c.i.c.DefaultTypeConverter - Loaded 182 type converters
2015-01-16 21:40:16,513 [main] INFO  o.a.camel.impl.DefaultCamelContext - Apache Camel 2.10.2 (CamelContext: camel-1) is starting
2015-01-16 21:40:17,196 [main] INFO  o.a.c.m.ManagementStrategyFactory - JMX enabled.
2015-01-16 21:40:17,424 [main] INFO  o.a.c.m.DefaultManagementLifecycleStrategy - StatisticsLevel at All so enabling load performance statistics
2015-01-16 21:40:17,479 [main] INFO  o.a.camel.impl.DefaultCamelContext - Total 0 routes, of which 0 is started.
2015-01-16 21:40:17,481 [main] INFO  o.a.camel.impl.DefaultCamelContext - Apache Camel 2.10.2 (CamelContext: camel-1) started in 0.972 seconds
2015-01-16 22:19:20,865 [main] INFO  o.a.camel.impl.DefaultCamelContext - Route: route1 started and consuming from: Endpoint[direct://com.codetrails.hippie.completion.rcp.call]
2015-01-16 22:19:21,133 [main] INFO  o.a.c.p.a.AggregateProcessor - Using CompletionTimeout to trigger after 0 millis of inactivity.
2015-01-16 22:19:21,184 [main] INFO  o.a.camel.impl.DefaultCamelContext - Route: route2 started and consuming from: Endpoint[seda://com.codetrails.hippie.completion.rcp.call?waitForTaskToComplete=Never]
2015-01-16 22:19:21,851 [main] INFO  o.a.camel.impl.DefaultCamelContext - Route: route3 started and consuming from: Endpoint[direct://com.codetrails.hippie.completion.rcp.ovrd]
2015-01-16 22:19:21,891 [main] INFO  o.a.c.p.a.AggregateProcessor - Using CompletionTimeout to trigger after 0 millis of inactivity.
2015-01-16 22:19:21,950 [main] INFO  o.a.camel.impl.DefaultCamelContext - Route: route4 started and consuming from: Endpoint[seda://com.codetrails.hippie.completion.rcp.ovrd?waitForTaskToComplete=Never]
2015-01-16 22:19:22,008 [main] INFO  o.a.camel.impl.DefaultCamelContext - Route: route5 started and consuming from: Endpoint[direct://com.codetrails.hippie.completion.rcp.ctor]
2015-01-16 22:19:22,030 [main] INFO  o.a.c.p.a.AggregateProcessor - Using CompletionTimeout to trigger after 0 millis of inactivity.
2015-01-16 22:19:22,057 [main] INFO  o.a.camel.impl.DefaultCamelContext - Route: route6 started and consuming from: Endpoint[seda://com.codetrails.hippie.completion.rcp.ctor?waitForTaskToComplete=Never]
2015-01-16 22:36:08,690 [main] INFO  o.a.camel.impl.DefaultCamelContext - Apache Camel 2.10.2 (CamelContext: camel-1) is shutting down
2015-01-16 22:36:08,719 [main] INFO  o.a.c.impl.DefaultShutdownStrategy - Starting to graceful shutdown 6 routes (timeout 300 seconds)
2015-01-16 22:36:10,842 [Camel (camel-1) thread #7 - ShutdownTask] INFO  o.a.c.impl.DefaultShutdownStrategy - Route: route6 shutdown complete, was consuming from: Endpoint[seda://com.codetrails.hippie.completion.rcp.ctor?waitForTaskToComplete=Never]
2015-01-16 22:36:10,844 [Camel (camel-1) thread #7 - ShutdownTask] INFO  o.a.c.impl.DefaultShutdownStrategy - Route: route5 shutdown complete, was consuming from: Endpoint[direct://com.codetrails.hippie.completion.rcp.ctor]
2015-01-16 22:36:10,844 [Camel (camel-1) thread #7 - ShutdownTask] INFO  o.a.c.impl.DefaultShutdownStrategy - Route: route4 shutdown complete, was consuming from: Endpoint[seda://com.codetrails.hippie.completion.rcp.ovrd?waitForTaskToComplete=Never]
2015-01-16 22:36:10,844 [Camel (camel-1) thread #7 - ShutdownTask] INFO  o.a.c.impl.DefaultShutdownStrategy - Route: route3 shutdown complete, was consuming from: Endpoint[direct://com.codetrails.hippie.completion.rcp.ovrd]
2015-01-16 22:36:10,845 [Camel (camel-1) thread #7 - ShutdownTask] INFO  o.a.c.impl.DefaultShutdownStrategy - Route: route2 shutdown complete, was consuming from: Endpoint[seda://com.codetrails.hippie.completion.rcp.call?waitForTaskToComplete=Never]
2015-01-16 22:36:10,845 [Camel (camel-1) thread #7 - ShutdownTask] INFO  o.a.c.impl.DefaultShutdownStrategy - Route: route1 shutdown complete, was consuming from: Endpoint[direct://com.codetrails.hippie.completion.rcp.call]
2015-01-16 22:36:10,846 [main] INFO  o.a.c.impl.DefaultShutdownStrategy - Graceful shutdown of 6 routes completed in 2 seconds
2015-01-16 22:36:10,858 [main] INFO  o.a.c.i.c.DefaultTypeConverter - TypeConverterRegistry utilization[attempts=9, hits=9, misses=0, failures=0] mappings[total=190, misses=0]
2015-01-16 22:36:10,860 [main] INFO  o.a.camel.impl.DefaultCamelContext - Apache Camel 2.10.2 (CamelContext: camel-1) is shutdown in 2.169 seconds. Uptime 55 minutes.
2015-01-17 18:24:49,502 [main] INFO  o.a.c.i.c.DefaultTypeConverter - Loaded 182 type converters
2015-01-17 18:24:49,657 [main] INFO  o.a.camel.impl.DefaultCamelContext - Apache Camel 2.10.2 (CamelContext: camel-1) is starting
2015-01-17 18:24:50,223 [main] INFO  o.a.c.m.ManagementStrategyFactory - JMX enabled.
2015-01-17 18:24:50,462 [main] INFO  o.a.c.m.DefaultManagementLifecycleStrategy - StatisticsLevel at All so enabling load performance statistics
2015-01-17 18:24:50,542 [main] INFO  o.a.camel.impl.DefaultCamelContext - Total 0 routes, of which 0 is started.
2015-01-17 18:24:50,543 [main] INFO  o.a.camel.impl.DefaultCamelContext - Apache Camel 2.10.2 (CamelContext: camel-1) started in 0.886 seconds
2015-01-17 18:24:55,531 [main] INFO  o.a.camel.impl.DefaultCamelContext - Route: route1 started and consuming from: Endpoint[direct://com.codetrails.hippie.completion.rcp.ovrd]
2015-01-17 18:24:55,698 [main] INFO  o.a.c.p.a.AggregateProcessor - Using CompletionTimeout to trigger after 0 millis of inactivity.
2015-01-17 18:24:55,732 [main] INFO  o.a.camel.impl.DefaultCamelContext - Route: route2 started and consuming from: Endpoint[seda://com.codetrails.hippie.completion.rcp.ovrd?waitForTaskToComplete=Never]
2015-01-17 18:24:55,777 [main] INFO  o.a.camel.impl.DefaultCamelContext - Route: route3 started and consuming from: Endpoint[direct://com.codetrails.hippie.completion.rcp.ctor]
2015-01-17 18:24:55,796 [main] INFO  o.a.c.p.a.AggregateProcessor - Using CompletionTimeout to trigger after 0 millis of inactivity.
2015-01-17 18:24:55,827 [main] INFO  o.a.camel.impl.DefaultCamelContext - Route: route4 started and consuming from: Endpoint[seda://com.codetrails.hippie.completion.rcp.ctor?waitForTaskToComplete=Never]
2015-01-17 18:24:55,960 [main] INFO  o.a.camel.impl.DefaultCamelContext - Route: route5 started and consuming from: Endpoint[direct://com.codetrails.hippie.completion.rcp.call]
2015-01-17 18:24:55,979 [main] INFO  o.a.c.p.a.AggregateProcessor - Using CompletionTimeout to trigger after 0 millis of inactivity.
2015-01-17 18:24:56,018 [main] INFO  o.a.camel.impl.DefaultCamelContext - Route: route6 started and consuming from: Endpoint[seda://com.codetrails.hippie.completion.rcp.call?waitForTaskToComplete=Never]
2015-01-17 19:01:17,162 [main] INFO  o.a.camel.impl.DefaultCamelContext - Apache Camel 2.10.2 (CamelContext: camel-1) is shutting down
2015-01-17 19:01:17,192 [main] INFO  o.a.c.impl.DefaultShutdownStrategy - Starting to graceful shutdown 6 routes (timeout 300 seconds)
2015-01-17 19:01:19,243 [Camel (camel-1) thread #7 - ShutdownTask] INFO  o.a.c.impl.DefaultShutdownStrategy - Route: route6 shutdown complete, was consuming from: Endpoint[seda://com.codetrails.hippie.completion.rcp.call?waitForTaskToComplete=Never]
2015-01-17 19:01:19,245 [Camel (camel-1) thread #7 - ShutdownTask] INFO  o.a.c.impl.DefaultShutdownStrategy - Route: route5 shutdown complete, was consuming from: Endpoint[direct://com.codetrails.hippie.completion.rcp.call]
2015-01-17 19:01:19,245 [Camel (camel-1) thread #7 - ShutdownTask] INFO  o.a.c.impl.DefaultShutdownStrategy - Route: route4 shutdown complete, was consuming from: Endpoint[seda://com.codetrails.hippie.completion.rcp.ctor?waitForTaskToComplete=Never]
2015-01-17 19:01:19,246 [Camel (camel-1) thread #7 - ShutdownTask] INFO  o.a.c.impl.DefaultShutdownStrategy - Route: route3 shutdown complete, was consuming from: Endpoint[direct://com.codetrails.hippie.completion.rcp.ctor]
2015-01-17 19:01:19,246 [Camel (camel-1) thread #7 - ShutdownTask] INFO  o.a.c.impl.DefaultShutdownStrategy - Route: route2 shutdown complete, was consuming from: Endpoint[seda://com.codetrails.hippie.completion.rcp.ovrd?waitForTaskToComplete=Never]
2015-01-17 19:01:19,246 [Camel (camel-1) thread #7 - ShutdownTask] INFO  o.a.c.impl.DefaultShutdownStrategy - Route: route1 shutdown complete, was consuming from: Endpoint[direct://com.codetrails.hippie.completion.rcp.ovrd]
2015-01-17 19:01:19,247 [main] INFO  o.a.c.impl.DefaultShutdownStrategy - Graceful shutdown of 6 routes completed in 2 seconds
2015-01-17 19:01:19,260 [main] INFO  o.a.c.i.c.DefaultTypeConverter - TypeConverterRegistry utilization[attempts=9, hits=9, misses=0, failures=0] mappings[total=190, misses=0]
2015-01-17 19:01:19,261 [main] INFO  o.a.camel.impl.DefaultCamelContext - Apache Camel 2.10.2 (CamelContext: camel-1) is shutdown in 2.099 seconds. Uptime 36 minutes.
2015-01-18 15:24:19,454 [main] INFO  o.a.c.i.c.DefaultTypeConverter - Loaded 182 type converters
2015-01-18 15:24:19,642 [main] INFO  o.a.camel.impl.DefaultCamelContext - Apache Camel 2.10.2 (CamelContext: camel-1) is starting
2015-01-18 15:24:20,286 [main] INFO  o.a.c.m.ManagementStrategyFactory - JMX enabled.
2015-01-18 15:24:20,525 [main] INFO  o.a.c.m.DefaultManagementLifecycleStrategy - StatisticsLevel at All so enabling load performance statistics
2015-01-18 15:24:20,603 [main] INFO  o.a.camel.impl.DefaultCamelContext - Total 0 routes, of which 0 is started.
2015-01-18 15:24:20,605 [main] INFO  o.a.camel.impl.DefaultCamelContext - Apache Camel 2.10.2 (CamelContext: camel-1) started in 0.962 seconds
2015-01-18 20:21:22,785 [main] INFO  o.a.camel.impl.DefaultCamelContext - Apache Camel 2.10.2 (CamelContext: camel-1) is shutting down
2015-01-18 20:21:22,799 [main] INFO  o.a.c.i.c.DefaultTypeConverter - TypeConverterRegistry utilization[attempts=0, hits=0, misses=0, failures=0] mappings[total=189, misses=0]
2015-01-18 20:21:22,801 [main] INFO  o.a.camel.impl.DefaultCamelContext - Apache Camel 2.10.2 (CamelContext: camel-1) is shutdown in 0.015 seconds. Uptime 4 hours 57 minutes.
2015-01-19 14:03:18,380 [main] INFO  o.a.c.i.c.DefaultTypeConverter - Loaded 182 type converters
2015-01-19 14:03:18,502 [main] INFO  o.a.camel.impl.DefaultCamelContext - Apache Camel 2.10.2 (CamelContext: camel-1) is starting
2015-01-19 14:03:19,113 [main] INFO  o.a.c.m.ManagementStrategyFactory - JMX enabled.
2015-01-19 14:03:19,329 [main] INFO  o.a.c.m.DefaultManagementLifecycleStrategy - StatisticsLevel at All so enabling load performance statistics
2015-01-19 14:03:19,363 [main] INFO  o.a.camel.impl.DefaultCamelContext - Total 0 routes, of which 0 is started.
2015-01-19 14:03:19,364 [main] INFO  o.a.camel.impl.DefaultCamelContext - Apache Camel 2.10.2 (CamelContext: camel-1) started in 0.861 seconds
2015-01-19 14:03:25,193 [main] INFO  o.a.camel.impl.DefaultCamelContext - Route: route1 started and consuming from: Endpoint[direct://com.codetrails.hippie.completion.rcp.call]
2015-01-19 14:03:25,355 [main] INFO  o.a.c.p.a.AggregateProcessor - Using CompletionTimeout to trigger after 0 millis of inactivity.
2015-01-19 14:03:25,391 [main] INFO  o.a.camel.impl.DefaultCamelContext - Route: route2 started and consuming from: Endpoint[seda://com.codetrails.hippie.completion.rcp.call?waitForTaskToComplete=Never]
2015-01-19 14:03:25,463 [main] INFO  o.a.camel.impl.DefaultCamelContext - Route: route3 started and consuming from: Endpoint[direct://com.codetrails.hippie.completion.rcp.ovrd]
2015-01-19 14:03:25,497 [main] INFO  o.a.c.p.a.AggregateProcessor - Using CompletionTimeout to trigger after 0 millis of inactivity.
2015-01-19 14:03:25,529 [main] INFO  o.a.camel.impl.DefaultCamelContext - Route: route4 started and consuming from: Endpoint[seda://com.codetrails.hippie.completion.rcp.ovrd?waitForTaskToComplete=Never]
2015-01-19 14:03:25,556 [main] INFO  o.a.camel.impl.DefaultCamelContext - Route: route5 started and consuming from: Endpoint[direct://com.codetrails.hippie.completion.rcp.ctor]
2015-01-19 14:03:25,575 [main] INFO  o.a.c.p.a.AggregateProcessor - Using CompletionTimeout to trigger after 0 millis of inactivity.
2015-01-19 14:03:25,605 [main] INFO  o.a.camel.impl.DefaultCamelContext - Route: route6 started and consuming from: Endpoint[seda://com.codetrails.hippie.completion.rcp.ctor?waitForTaskToComplete=Never]
2015-01-19 14:05:49,422 [main] WARN  o.e.r.i.c.rcp.TypeBindingAnalyzer - Can't handle class org.eclipse.jdt.internal.compiler.ast.BinaryExpression as parent of completion location.
2015-01-19 19:57:10,552 [main] INFO  o.a.camel.impl.DefaultCamelContext - Apache Camel 2.10.2 (CamelContext: camel-1) is shutting down
2015-01-19 19:57:10,582 [main] INFO  o.a.c.impl.DefaultShutdownStrategy - Starting to graceful shutdown 6 routes (timeout 300 seconds)
2015-01-19 19:57:12,761 [Camel (camel-1) thread #7 - ShutdownTask] INFO  o.a.c.impl.DefaultShutdownStrategy - Route: route6 shutdown complete, was consuming from: Endpoint[seda://com.codetrails.hippie.completion.rcp.ctor?waitForTaskToComplete=Never]
2015-01-19 19:57:12,762 [Camel (camel-1) thread #7 - ShutdownTask] INFO  o.a.c.impl.DefaultShutdownStrategy - Route: route5 shutdown complete, was consuming from: Endpoint[direct://com.codetrails.hippie.completion.rcp.ctor]
2015-01-19 19:57:12,763 [Camel (camel-1) thread #7 - ShutdownTask] INFO  o.a.c.impl.DefaultShutdownStrategy - Route: route4 shutdown complete, was consuming from: Endpoint[seda://com.codetrails.hippie.completion.rcp.ovrd?waitForTaskToComplete=Never]
2015-01-19 19:57:12,763 [Camel (camel-1) thread #7 - ShutdownTask] INFO  o.a.c.impl.DefaultShutdownStrategy - Route: route3 shutdown complete, was consuming from: Endpoint[direct://com.codetrails.hippie.completion.rcp.ovrd]
2015-01-19 19:57:12,763 [Camel (camel-1) thread #7 - ShutdownTask] INFO  o.a.c.impl.DefaultShutdownStrategy - Route: route2 shutdown complete, was consuming from: Endpoint[seda://com.codetrails.hippie.completion.rcp.call?waitForTaskToComplete=Never]
2015-01-19 19:57:12,764 [Camel (camel-1) thread #7 - ShutdownTask] INFO  o.a.c.impl.DefaultShutdownStrategy - Route: route1 shutdown complete, was consuming from: Endpoint[direct://com.codetrails.hippie.completion.rcp.call]
2015-01-19 19:57:12,764 [main] INFO  o.a.c.impl.DefaultShutdownStrategy - Graceful shutdown of 6 routes completed in 2 seconds
2015-01-19 19:57:12,774 [main] INFO  o.a.c.i.c.DefaultTypeConverter - TypeConverterRegistry utilization[attempts=9, hits=9, misses=0, failures=0] mappings[total=190, misses=0]
2015-01-19 19:57:12,777 [main] INFO  o.a.camel.impl.DefaultCamelContext - Apache Camel 2.10.2 (CamelContext: camel-1) is shutdown in 2.223 seconds. Uptime 5 hours 53 minutes.
